  Building Custom Rule C:/git/asmjit/CMakeLists.txt
  CMake does not need to re-run because C:/git/asmjit/vs/CMakeFiles/generate.stamp is up-to-date.

Project Performance Summary:
        0 ms  c:\git\asmjit\vs\ZERO_CHECK.vcxproj        2 calls
                  0 ms  GetTargetPath                              1 calls
                  0 ms  GetNativeManifest                          1 calls
        1 ms  c:\git\asmjit\vs\asmjit.vcxproj            2 calls
                  1 ms  GetTargetPath                              1 calls
                  1 ms  GetNativeManifest                          1 calls
       90 ms  c:\git\asmjit\vs\ALL_BUILD.vcxproj         1 calls
                 90 ms  Build                                      1 calls

Target Performance Summary:
        0 ms  _BuildGenerateSourcesAction                1 calls
        0 ms  ResolveSDKReferences                       1 calls
        0 ms  ResolveReferences                          1 calls
        0 ms  Desktop_PlatformPrepareForBuild            1 calls
        0 ms  _PrepareForBuild                           1 calls
        0 ms  _BuildCompileAction                        1 calls
        0 ms  ComputeMIDLGeneratedCompileInputs          1 calls
        0 ms  _BuildLinkAction                           1 calls
        0 ms  PostBuildEvent                             1 calls
        0 ms  Build                                      1 calls
        0 ms  GetFrameworkPaths                          1 calls
        0 ms  ResolveAssemblyReferences                  1 calls
        0 ms  GetTargetPath                              1 calls
        0 ms  _Midl                                      1 calls
        0 ms  AfterResolveReferences                     1 calls
        0 ms  AfterBuildGenerateSources                  1 calls
        0 ms  BuildCompileTraverse                       1 calls
        0 ms  BuildLink                                  1 calls
        0 ms  BuildCompile                               1 calls
        0 ms  BuildGenerateSources                       1 calls
        0 ms  _Xsd                                       1 calls
        0 ms  BeforeBuildGenerateSources                 1 calls
        0 ms  BeforeResolveReferences                    1 calls
        0 ms  AfterMidl                                  1 calls
        0 ms  PreBuildEvent                              1 calls
        0 ms  ModifyUnitTestPlatformVersion              1 calls
        0 ms  _SelectedFiles                             1 calls
        0 ms  AfterBuild                                 1 calls
        0 ms  ExpandSDKReferences                        1 calls
        0 ms  GetResolvedWinMD                           1 calls
        0 ms  _RemoveNameMetadataFromProjectReferenceItems   1 calls
        0 ms  SelectCustomBuild                          1 calls
        0 ms  _PrepareForReferenceResolution             1 calls
        0 ms  AfterBuildGenerateSourcesEvent             1 calls
        0 ms  GetInstalledSDKLocations                   1 calls
        0 ms  BuildGenerateSourcesTraverse               1 calls
        1 ms  SetBuildDefaultEnvironmentVariables        1 calls
        1 ms  GetNativeManifest                          1 calls
        1 ms  BuildLinkTraverse                          1 calls
        1 ms  ComputeCustomBuildOutput                   1 calls
        1 ms  PlatformPrepareForBuild                    1 calls
        1 ms  _CheckForInvalidConfigurationAndPlatform   1 calls
        1 ms  MakeDirsForMidl                            1 calls
        1 ms  GetReferenceAssemblyPaths                  1 calls
        1 ms  _SplitProjectReferencesByFileExistence     1 calls
        1 ms  AssignProjectConfiguration                 1 calls
        1 ms  FinalizeBuildStatus                        1 calls
        2 ms  InitializeBuildStatus                      1 calls
        2 ms  PrepareForBuild                            1 calls
        3 ms  SetCABuildNativeEnvironmentVariables       1 calls
       12 ms  ResolveProjectReferences                   1 calls
       63 ms  CustomBuild                                1 calls
